1
0
1
BRIDGE_ASSEMBLY
2
BRIDGE_1
BRIDGE
BRIDGE_2
BRIDGE
2
BRIDGE_1
771
1 1
2 2
3 3
4 4
5 5
6 6
7 7
8 8
9 9
10 10
11 11
12 12
13 13
14 14
15 15
16 16
17 17
18 18
19 19
20 20
21 21
22 22
23 23
24 24
25 25
26 26
27 27
28 28
29 29
30 30
31 31
32 32
33 33
34 34
35 35
36 36
37 37
38 38
39 39
40 40
41 41
42 42
43 43
44 44
45 45
46 46
47 47
48 48
49 49
50 50
51 51
52 52
53 53
54 54
55 55
56 56
57 57
58 58
59 59
60 60
61 61
62 62
63 63
64 64
65 65
66 66
67 67
68 68
69 69
70 70
71 71
72 72
73 73
74 74
75 75
76 76
77 77
78 78
79 79
80 80
81 81
82 82
83 83
84 84
85 85
86 86
87 87
88 88
89 89
90 90
91 91
92 92
93 93
94 94
95 95
96 96
97 97
98 98
99 99
100 100
101 101
102 102
103 103
104 104
105 105
106 106
107 107
108 108
109 109
110 110
111 111
112 112
113 113
114 114
115 115
116 116
117 117
118 118
119 119
120 120
121 121
122 122
123 123
124 124
125 125
126 126
127 127
128 128
129 129
130 130
131 131
132 132
133 133
134 134
135 135
136 136
137 137
138 138
139 139
140 140
141 141
142 142
143 143
144 144
145 145
146 146
147 147
148 148
149 149
150 150
151 151
152 152
153 153
154 154
155 155
156 156
157 157
158 158
159 159
160 160
161 161
162 162
163 163
164 164
165 165
166 166
167 167
168 168
169 169
170 170
171 171
172 172
173 173
174 174
175 175
176 176
177 177
178 178
179 179
180 180
181 181
182 182
183 183
184 184
185 185
186 186
187 187
188 188
189 189
190 190
191 191
192 192
193 193
194 194
195 195
196 196
197 197
198 198
199 199
200 200
201 201
202 202
203 203
204 204
205 205
206 206
207 207
208 208
209 209
210 210
211 211
212 212
213 213
214 214
215 215
216 216
217 217
218 218
219 219
220 220
221 221
222 222
223 223
224 224
225 225
226 226
227 227
228 228
229 229
230 230
231 231
232 232
233 233
234 234
235 235
236 236
237 237
238 238
239 239
240 240
241 241
242 242
243 243
244 244
245 245
246 246
247 247
248 248
249 249
250 250
251 251
252 252
253 253
254 254
255 255
256 256
257 257
258 258
259 259
260 260
261 261
262 262
263 263
264 264
265 265
266 266
267 267
268 268
269 269
270 270
271 271
272 272
273 273
274 274
275 275
276 276
277 277
278 278
279 279
280 280
281 281
282 282
283 283
284 284
285 285
286 286
287 287
288 288
289 289
290 290
291 291
292 292
293 293
294 294
295 295
296 296
297 297
298 298
299 299
300 300
301 301
302 302
303 303
304 304
305 305
306 306
307 307
308 308
309 309
310 310
311 311
312 312
313 313
314 314
315 315
316 316
317 317
318 318
319 319
320 320
321 321
322 322
323 323
324 324
325 325
326 326
327 327
328 328
329 329
330 330
331 331
332 332
333 333
334 334
335 335
336 336
337 337
338 338
339 339
340 340
341 341
342 342
343 343
344 344
345 345
346 346
347 347
348 348
349 349
350 350
351 351
352 352
353 353
354 354
355 355
356 356
357 357
358 358
359 359
360 610
361 611
362 612
363 613
364 614
365 615
366 616
367 617
368 618
369 619
370 620
371 621
372 622
373 623
374 624
375 625
376 626
377 627
378 628
379 629
380 630
381 631
382 632
383 633
384 634
385 635
386 636
387 637
388 638
389 639
390 640
391 641
392 642
393 643
394 644
395 645
396 646
397 647
398 648
399 649
400 650
401 651
402 652
403 653
404 654
405 655
406 656
407 657
408 658
409 659
410 660
411 661
412 662
413 663
414 664
415 665
416 666
417 667
418 668
419 669
420 670
421 671
422 672
423 673
424 674
425 675
426 676
427 677
428 678
429 679
430 680
431 681
432 682
433 683
434 684
435 685
436 686
437 687
438 688
439 689
440 690
441 691
442 692
443 693
444 694
445 695
446 696
447 697
448 698
449 699
450 700
451 701
452 702
453 703
454 704
455 705
456 706
457 707
458 708
459 709
460 710
461 711
462 712
463 713
464 714
465 715
466 716
467 717
468 718
469 719
470 720
471 721
472 722
473 723
474 724
475 725
476 726
477 727
478 728
479 729
480 730
481 731
482 732
483 733
484 734
485 735
486 736
487 737
488 738
489 739
490 740
491 741
492 742
493 743
494 744
495 745
496 746
497 747
498 748
499 749
500 750
501 751
502 752
503 753
504 754
505 755
506 756
507 757
508 758
509 759
510 760
511 761
512 762
513 763
514 764
515 765
516 766
517 767
518 768
519 769
520 770
521 771
522 772
523 773
524 774
525 775
526 776
527 777
528 778
529 779
530 780
531 781
532 782
533 783
534 784
535 785
536 786
537 787
538 788
539 789
540 790
541 791
542 792
543 793
544 794
545 795
546 796
547 797
548 798
549 799
550 800
551 801
552 802
553 803
554 804
555 805
556 806
557 807
558 808
559 809
560 810
561 811
562 812
563 813
564 814
565 815
566 816
567 817
568 818
569 819
570 820
571 821
572 822
573 823
574 824
575 825
576 826
577 827
578 828
579 829
580 830
581 831
582 832
583 833
584 834
585 835
586 836
587 837
588 838
589 839
590 840
591 841
592 842
593 843
594 844
595 845
596 846
597 847
598 848
599 849
600 850
601 851
602 852
603 853
604 854
605 855
606 856
607 857
608 858
609 859
610 860
611 861
612 862
613 863
614 864
615 865
616 866
617 867
618 868
619 869
620 870
621 871
622 872
623 873
624 874
625 875
626 876
627 877
628 878
629 879
630 880
631 881
632 882
633 883
634 884
635 885
636 886
637 887
638 888
639 889
640 890
641 891
642 892
643 893
644 894
645 895
646 896
647 897
648 898
649 899
650 900
651 901
652 902
653 903
654 904
655 905
656 906
657 907
658 908
659 909
660 910
661 911
662 912
663 913
664 914
665 915
666 916
667 917
668 918
669 919
670 920
671 921
672 922
673 923
674 924
675 925
676 926
677 927
678 928
679 929
680 930
681 931
682 932
683 933
684 934
685 935
686 936
687 937
688 938
689 939
690 940
691 941
692 942
693 943
694 944
695 945
696 946
697 947
698 948
699 949
700 950
701 951
702 952
703 953
704 954
705 955
706 956
707 957
708 958
709 959
710 960
711 961
712 962
713 963
714 964
715 965
716 966
717 967
718 968
719 969
720 970
721 971
722 972
723 973
724 974
725 975
726 976
727 977
728 1163
729 1164
730 1165
731 1166
732 1167
733 1168
734 1169
735 1170
736 1171
737 1172
738 1173
739 1174
740 1175
741 1176
742 1177
743 1178
744 1179
745 1180
746 1181
747 1182
748 1183
749 1184
750 1185
751 1186
752 1187
753 1188
754 1189
755 1190
756 1191
757 1192
758 1193
759 1194
760 1195
761 1196
762 1197
763 1198
764 1199
765 1200
766 1201
767 1202
768 1203
769 1204
770 1205
771 1206
1 1
2 2
3 3
4 4
5 5
6 6
7 7
8 8
9 9
10 10
11 11
12 12
13 13
14 14
15 15
16 16
17 17
18 18
19 19
20 20
21 21
22 22
23 23
24 24
25 25
26 26
27 27
28 28
29 29
30 30
31 31
32 32
33 33
34 34
35 35
36 36
37 37
38 38
39 39
40 40
41 41
42 42
43 43
44 44
45 45
46 46
47 47
48 48
49 49
50 50
51 51
52 52
53 53
54 54
55 55
56 56
57 57
58 58
59 59
60 60
61 61
62 62
63 63
64 64
65 65
66 66
67 67
68 68
69 69
70 70
71 71
72 72
73 73
74 74
75 75
76 76
77 77
78 78
79 79
80 80
81 81
82 82
83 83
84 84
85 85
86 86
87 87
88 88
89 89
90 90
91 91
92 92
93 93
94 94
95 95
96 96
97 97
98 98
99 99
100 100
101 101
102 102
103 103
104 104
105 105
106 106
107 107
108 108
109 109
110 110
111 111
112 112
113 113
114 114
115 115
116 116
117 117
118 118
119 119
120 120
121 121
122 122
123 123
124 124
125 125
126 126
127 127
128 128
129 129
130 130
131 131
132 132
133 133
134 134
135 135
136 136
137 137
138 138
139 139
140 140
141 141
142 142
143 143
144 144
145 145
146 146
147 147
148 148
149 149
150 150
151 151
152 152
153 153
154 154
155 155
156 156
157 157
158 158
159 159
160 160
161 161
162 162
163 163
164 164
165 165
166 166
167 167
168 168
169 169
170 170
171 171
172 172
173 173
174 174
175 175
176 176
177 177
178 178
179 179
180 180
181 181
182 182
183 183
184 184
185 185
186 186
187 187
188 188
189 189
190 190
191 191
192 192
193 193
194 194
195 195
196 196
197 197
198 198
199 199
200 200
201 201
202 202
203 203
204 204
205 205
206 206
207 207
208 208
209 209
210 210
211 211
212 212
213 213
214 214
215 215
216 216
217 217
218 218
219 219
220 220
221 221
222 222
223 223
224 224
225 225
226 226
227 227
228 228
229 229
230 230
231 231
232 232
233 233
234 234
235 235
236 236
237 237
238 238
239 239
240 240
241 241
242 242
243 243
244 244
245 245
246 246
247 247
248 248
249 249
250 250
251 251
252 252
253 253
254 254
255 255
256 256
257 257
258 258
259 259
260 260
261 261
262 262
263 263
264 264
265 265
266 266
267 267
268 268
269 269
270 270
271 271
272 272
273 273
274 274
275 275
276 276
277 277
278 278
279 279
280 280
281 281
282 282
283 283
284 284
285 285
286 286
287 287
288 288
289 289
290 290
291 291
292 292
293 293
294 294
295 295
296 296
297 297
298 298
299 299
300 300
301 301
302 302
303 303
304 304
305 305
306 306
307 307
308 308
309 309
310 310
311 311
312 312
313 313
314 314
315 315
316 316
317 317
318 318
319 319
320 320
321 321
322 322
323 323
324 324
325 325
326 326
327 327
328 328
329 329
330 330
331 331
332 332
333 333
334 334
335 335
336 336
337 337
338 338
339 339
340 340
341 341
342 342
343 343
344 344
345 345
346 346
347 347
348 348
349 349
350 350
351 351
352 352
353 353
354 354
355 355
356 356
357 357
358 358
359 359
610 360
611 361
612 362
613 363
614 364
615 365
616 366
617 367
618 368
619 369
620 370
621 371
622 372
623 373
624 374
625 375
626 376
627 377
628 378
629 379
630 380
631 381
632 382
633 383
634 384
635 385
636 386
637 387
638 388
639 389
640 390
641 391
642 392
643 393
644 394
645 395
646 396
647 397
648 398
649 399
650 400
651 401
652 402
653 403
654 404
655 405
656 406
657 407
658 408
659 409
660 410
661 411
662 412
663 413
664 414
665 415
666 416
667 417
668 418
669 419
670 420
671 421
672 422
673 423
674 424
675 425
676 426
677 427
678 428
679 429
680 430
681 431
682 432
683 433
684 434
685 435
686 436
687 437
688 438
689 439
690 440
691 441
692 442
693 443
694 444
695 445
696 446
697 447
698 448
699 449
700 450
701 451
702 452
703 453
704 454
705 455
706 456
707 457
708 458
709 459
710 460
711 461
712 462
713 463
714 464
715 465
716 466
717 467
718 468
719 469
720 470
721 471
722 472
723 473
724 474
725 475
726 476
727 477
728 478
729 479
730 480
731 481
732 482
733 483
734 484
735 485
736 486
737 487
738 488
739 489
740 490
741 491
742 492
743 493
744 494
745 495
746 496
747 497
748 498
749 499
750 500
751 501
752 502
753 503
754 504
755 505
756 506
757 507
758 508
759 509
760 510
761 511
762 512
763 513
764 514
765 515
766 516
767 517
768 518
769 519
770 520
771 521
772 522
773 523
774 524
775 525
776 526
777 527
778 528
779 529
780 530
781 531
782 532
783 533
784 534
785 535
786 536
787 537
788 538
789 539
790 540
791 541
792 542
793 543
794 544
795 545
796 546
797 547
798 548
799 549
800 550
801 551
802 552
803 553
804 554
805 555
806 556
807 557
808 558
809 559
810 560
811 561
812 562
813 563
814 564
815 565
816 566
817 567
818 568
819 569
820 570
821 571
822 572
823 573
824 574
825 575
826 576
827 577
828 578
829 579
830 580
831 581
832 582
833 583
834 584
835 585
836 586
837 587
838 588
839 589
840 590
841 591
842 592
843 593
844 594
845 595
846 596
847 597
848 598
849 599
850 600
851 601
852 602
853 603
854 604
855 605
856 606
857 607
858 608
859 609
860 610
861 611
862 612
863 613
864 614
865 615
866 616
867 617
868 618
869 619
870 620
871 621
872 622
873 623
874 624
875 625
876 626
877 627
878 628
879 629
880 630
881 631
882 632
883 633
884 634
885 635
886 636
887 637
888 638
889 639
890 640
891 641
892 642
893 643
894 644
895 645
896 646
897 647
898 648
899 649
900 650
901 651
902 652
903 653
904 654
905 655
906 656
907 657
908 658
909 659
910 660
911 661
912 662
913 663
914 664
915 665
916 666
917 667
918 668
919 669
920 670
921 671
922 672
923 673
924 674
925 675
926 676
927 677
928 678
929 679
930 680
931 681
932 682
933 683
934 684
935 685
936 686
937 687
938 688
939 689
940 690
941 691
942 692
943 693
944 694
945 695
946 696
947 697
948 698
949 699
950 700
951 701
952 702
953 703
954 704
955 705
956 706
957 707
958 708
959 709
960 710
961 711
962 712
963 713
964 714
965 715
966 716
967 717
968 718
969 719
970 720
971 721
972 722
973 723
974 724
975 725
976 726
977 727
1163 728
1164 729
1165 730
1166 731
1167 732
1168 733
1169 734
1170 735
1171 736
1172 737
1173 738
1174 739
1175 740
1176 741
1177 742
1178 743
1179 744
1180 745
1181 746
1182 747
1183 748
1184 749
1185 750
1186 751
1187 752
1188 753
1189 754
1190 755
1191 756
1192 757
1193 758
1194 759
1195 760
1196 761
1197 762
1198 763
1199 764
1200 765
1201 766
1202 767
1203 768
1204 769
1205 770
1206 771
BRIDGE_2
440
772 359
773 360
774 361
775 362
776 363
777 364
778 365
779 366
780 367
781 368
782 369
783 370
784 371
785 372
786 373
787 374
788 375
789 376
790 377
791 378
792 379
793 380
794 381
795 382
796 383
797 384
798 385
799 386
800 387
801 388
802 389
803 390
804 391
805 392
806 393
807 394
808 395
809 396
810 397
811 398
812 399
813 400
814 401
815 402
816 403
817 404
818 405
819 406
820 407
821 408
822 409
823 410
824 411
825 412
826 413
827 414
828 415
829 416
830 417
831 418
832 419
833 420
834 421
835 422
836 423
837 424
838 425
839 426
840 427
841 428
842 429
843 430
844 431
845 432
846 433
847 434
848 435
849 436
850 437
851 438
852 439
853 440
854 441
855 442
856 443
857 444
858 445
859 446
860 447
861 448
862 449
863 450
864 451
865 452
866 453
867 454
868 455
869 456
870 457
871 458
872 459
873 460
874 461
875 462
876 463
877 464
878 465
879 466
880 467
881 468
882 469
883 470
884 471
885 472
886 473
887 474
888 475
889 476
890 477
891 478
892 479
893 480
894 481
895 482
896 483
897 484
898 485
899 486
900 487
901 488
902 489
903 490
904 491
905 492
906 493
907 494
908 495
909 496
910 497
911 498
912 499
913 500
914 501
915 502
916 503
917 504
918 505
919 506
920 507
921 508
922 509
923 510
924 511
925 512
926 513
927 514
928 515
929 516
930 517
931 518
932 519
933 520
934 521
935 522
936 523
937 524
938 525
939 526
940 527
941 528
942 529
943 530
944 531
945 532
946 533
947 534
948 535
949 536
950 537
951 538
952 539
953 540
954 541
955 542
956 543
957 544
958 545
959 546
960 547
961 548
962 549
963 550
964 551
965 552
966 553
967 554
968 555
969 556
970 557
971 558
972 559
973 560
974 561
975 562
976 563
977 564
978 565
979 566
980 567
981 568
982 569
983 570
984 571
985 572
986 573
987 574
988 575
989 576
990 577
991 578
992 579
993 580
994 581
995 582
996 583
997 584
998 585
999 586
1000 587
1001 588
1002 589
1003 590
1004 591
1005 592
1006 593
1007 594
1008 595
1009 596
1010 597
1011 598
1012 599
1013 600
1014 601
1015 602
1016 603
1017 604
1018 605
1019 606
1020 607
1021 608
1022 609
1023 978
1024 979
1025 980
1026 981
1027 982
1028 983
1029 984
1030 985
1031 986
1032 987
1033 988
1034 989
1035 990
1036 991
1037 992
1038 993
1039 994
1040 995
1041 996
1042 997
1043 998
1044 999
1045 1000
1046 1001
1047 1002
1048 1003
1049 1004
1050 1005
1051 1006
1052 1007
1053 1008
1054 1009
1055 1010
1056 1011
1057 1012
1058 1013
1059 1014
1060 1015
1061 1016
1062 1017
1063 1018
1064 1019
1065 1020
1066 1021
1067 1022
1068 1023
1069 1024
1070 1025
1071 1026
1072 1027
1073 1028
1074 1029
1075 1030
1076 1031
1077 1032
1078 1033
1079 1034
1080 1035
1081 1036
1082 1037
1083 1038
1084 1039
1085 1040
1086 1041
1087 1042
1088 1043
1089 1044
1090 1045
1091 1046
1092 1047
1093 1048
1094 1049
1095 1050
1096 1051
1097 1052
1098 1053
1099 1054
1100 1055
1101 1056
1102 1057
1103 1058
1104 1059
1105 1060
1106 1061
1107 1062
1108 1063
1109 1064
1110 1065
1111 1066
1112 1067
1113 1068
1114 1069
1115 1070
1116 1071
1117 1072
1118 1073
1119 1074
1120 1075
1121 1076
1122 1077
1123 1078
1124 1079
1125 1080
1126 1081
1127 1082
1128 1083
1129 1084
1130 1085
1131 1086
1132 1087
1133 1088
1134 1089
1135 1090
1136 1091
1137 1092
1138 1093
1139 1094
1140 1095
1141 1096
1142 1097
1143 1098
1144 1099
1145 1100
1146 1101
1147 1102
1148 1103
1149 1104
1150 1105
1151 1106
1152 1107
1153 1108
1154 1109
1155 1110
1156 1111
1157 1112
1158 1113
1159 1114
1160 1115
1161 1116
1162 1117
1163 1118
1164 1119
1165 1120
1166 1121
1167 1122
1168 1123
1169 1124
1170 1125
1171 1126
1172 1127
1173 1128
1174 1129
1175 1130
1176 1131
1177 1132
1178 1133
1179 1134
1180 1135
1181 1136
1182 1137
1183 1138
1184 1139
1185 1140
1186 1141
1187 1142
1188 1143
1189 1144
1190 1145
1191 1146
1192 1147
1193 1148
1194 1149
1195 1150
1196 1151
1197 1152
1198 1153
1199 1154
1200 1155
1201 1156
1202 1157
1203 1158
1204 1159
1205 1160
1206 1161
1207 1162
1208 1163
1209 1164
1210 1165
1211 1166
359 772
360 773
361 774
362 775
363 776
364 777
365 778
366 779
367 780
368 781
369 782
370 783
371 784
372 785
373 786
374 787
375 788
376 789
377 790
378 791
379 792
380 793
381 794
382 795
383 796
384 797
385 798
386 799
387 800
388 801
389 802
390 803
391 804
392 805
393 806
394 807
395 808
396 809
397 810
398 811
399 812
400 813
401 814
402 815
403 816
404 817
405 818
406 819
407 820
408 821
409 822
410 823
411 824
412 825
413 826
414 827
415 828
416 829
417 830
418 831
419 832
420 833
421 834
422 835
423 836
424 837
425 838
426 839
427 840
428 841
429 842
430 843
431 844
432 845
433 846
434 847
435 848
436 849
437 850
438 851
439 852
440 853
441 854
442 855
443 856
444 857
445 858
446 859
447 860
448 861
449 862
450 863
451 864
452 865
453 866
454 867
455 868
456 869
457 870
458 871
459 872
460 873
461 874
462 875
463 876
464 877
465 878
466 879
467 880
468 881
469 882
470 883
471 884
472 885
473 886
474 887
475 888
476 889
477 890
478 891
479 892
480 893
481 894
482 895
483 896
484 897
485 898
486 899
487 900
488 901
489 902
490 903
491 904
492 905
493 906
494 907
495 908
496 909
497 910
498 911
499 912
500 913
501 914
502 915
503 916
504 917
505 918
506 919
507 920
508 921
509 922
510 923
511 924
512 925
513 926
514 927
515 928
516 929
517 930
518 931
519 932
520 933
521 934
522 935
523 936
524 937
525 938
526 939
527 940
528 941
529 942
530 943
531 944
532 945
533 946
534 947
535 948
536 949
537 950
538 951
539 952
540 953
541 954
542 955
543 956
544 957
545 958
546 959
547 960
548 961
549 962
550 963
551 964
552 965
553 966
554 967
555 968
556 969
557 970
558 971
559 972
560 973
561 974
562 975
563 976
564 977
565 978
566 979
567 980
568 981
569 982
570 983
571 984
572 985
573 986
574 987
575 988
576 989
577 990
578 991
579 992
580 993
581 994
582 995
583 996
584 997
585 998
586 999
587 1000
588 1001
589 1002
590 1003
591 1004
592 1005
593 1006
594 1007
595 1008
596 1009
597 1010
598 1011
599 1012
600 1013
601 1014
602 1015
603 1016
604 1017
605 1018
606 1019
607 1020
608 1021
609 1022
978 1023
979 1024
980 1025
981 1026
982 1027
983 1028
984 1029
985 1030
986 1031
987 1032
988 1033
989 1034
990 1035
991 1036
992 1037
993 1038
994 1039
995 1040
996 1041
997 1042
998 1043
999 1044
1000 1045
1001 1046
1002 1047
1003 1048
1004 1049
1005 1050
1006 1051
1007 1052
1008 1053
1009 1054
1010 1055
1011 1056
1012 1057
1013 1058
1014 1059
1015 1060
1016 1061
1017 1062
1018 1063
1019 1064
1020 1065
1021 1066
1022 1067
1023 1068
1024 1069
1025 1070
1026 1071
1027 1072
1028 1073
1029 1074
1030 1075
1031 1076
1032 1077
1033 1078
1034 1079
1035 1080
1036 1081
1037 1082
1038 1083
1039 1084
1040 1085
1041 1086
1042 1087
1043 1088
1044 1089
1045 1090
1046 1091
1047 1092
1048 1093
1049 1094
1050 1095
1051 1096
1052 1097
1053 1098
1054 1099
1055 1100
1056 1101
1057 1102
1058 1103
1059 1104
1060 1105
1061 1106
1062 1107
1063 1108
1064 1109
1065 1110
1066 1111
1067 1112
1068 1113
1069 1114
1070 1115
1071 1116
1072 1117
1073 1118
1074 1119
1075 1120
1076 1121
1077 1122
1078 1123
1079 1124
1080 1125
1081 1126
1082 1127
1083 1128
1084 1129
1085 1130
1086 1131
1087 1132
1088 1133
1089 1134
1090 1135
1091 1136
1092 1137
1093 1138
1094 1139
1095 1140
1096 1141
1097 1142
1098 1143
1099 1144
1100 1145
1101 1146
1102 1147
1103 1148
1104 1149
1105 1150
1106 1151
1107 1152
1108 1153
1109 1154
1110 1155
1111 1156
1112 1157
1113 1158
1114 1159
1115 1160
1116 1161
1117 1162
1118 1163
1119 1164
1120 1165
1121 1166
1122 1167
1123 1168
1124 1169
1125 1170
1126 1171
1127 1172
1128 1173
1129 1174
1130 1175
1131 1176
1132 1177
1133 1178
1134 1179
1135 1180
1136 1181
1137 1182
1138 1183
1139 1184
1140 1185
1141 1186
1142 1187
1143 1188
1144 1189
1145 1190
1146 1191
1147 1192
1148 1193
1149 1194
1150 1195
1151 1196
1152 1197
1153 1198
1154 1199
1155 1200
1156 1201
1157 1202
1158 1203
1159 1204
1160 1205
1161 1206
1162 1207
1163 1208
1164 1209
1165 1210
1166 1211
0
2
BRIDGE_1
772
2 1
3 2
4 3
5 4
6 5
7 6
8 7
9 8
10 9
11 10
12 11
13 12
14 13
15 14
16 15
17 16
18 17
19 18
20 19
21 20
22 21
23 22
24 23
25 24
26 25
27 26
28 27
29 28
30 29
31 30
32 31
33 32
34 33
35 34
36 35
37 36
38 37
39 38
40 39
41 40
42 41
43 42
44 43
45 44
46 45
47 46
48 47
49 48
50 49
51 50
52 51
53 52
54 53
55 54
56 55
57 56
58 57
59 58
60 59
61 60
62 61
63 62
64 63
65 64
66 65
67 66
68 67
69 68
70 69
71 70
72 71
73 72
74 73
75 74
76 75
77 76
78 77
79 78
80 79
81 80
82 81
83 82
84 83
85 84
86 85
87 86
88 87
89 88
90 89
91 90
92 91
93 92
94 93
95 94
96 95
97 96
98 97
99 98
100 99
101 100
102 101
103 102
104 103
105 104
106 105
107 106
108 107
109 108
110 109
111 110
112 111
113 112
114 113
115 114
116 115
117 116
118 117
119 118
120 119
121 120
122 121
123 122
124 123
125 124
126 125
127 126
128 127
129 128
130 129
131 130
132 131
133 132
134 133
135 134
136 135
137 136
138 137
139 138
140 139
141 140
142 141
143 142
144 143
145 144
146 145
147 146
148 147
149 148
150 149
151 150
152 151
153 152
154 153
155 154
156 155
157 156
158 157
159 158
160 159
161 160
162 161
163 162
164 163
165 164
166 165
167 166
168 167
169 168
170 169
171 170
172 171
173 172
174 173
175 174
176 175
177 176
178 177
179 178
180 179
181 180
182 181
183 182
184 183
185 184
186 185
187 186
188 187
189 188
190 189
191 190
192 191
193 192
194 193
195 194
196 195
197 196
198 197
199 198
200 199
201 200
202 201
203 202
204 203
205 204
206 205
207 206
208 207
209 208
210 209
211 210
212 211
213 212
214 213
215 214
216 215
217 216
218 217
219 218
220 219
221 220
222 221
223 222
224 223
225 224
226 225
227 226
228 227
229 228
230 229
231 230
232 231
233 232
234 233
235 234
236 235
237 236
238 237
239 238
240 239
241 240
242 241
243 242
244 243
245 244
246 245
247 246
248 247
249 248
250 249
251 250
252 251
253 252
254 253
255 254
256 255
257 256
258 257
259 258
260 259
261 260
262 261
263 262
264 263
265 264
266 265
267 266
268 267
269 268
270 269
271 270
272 271
273 272
274 273
275 274
276 275
277 276
278 277
279 278
280 279
281 280
282 281
283 282
284 283
285 284
286 285
287 286
288 287
289 288
290 289
291 290
292 291
293 292
294 293
295 294
296 295
297 296
298 297
299 298
300 299
301 300
302 301
303 302
304 303
305 304
306 305
307 306
308 307
309 308
310 309
311 310
312 311
313 312
314 313
315 314
316 315
317 316
318 317
319 318
320 319
321 320
322 321
323 322
324 323
325 324
326 325
327 326
328 327
329 328
330 329
331 330
332 331
333 332
334 333
335 334
336 335
337 336
338 337
339 338
340 339
341 340
342 341
343 342
344 343
345 344
346 345
347 346
348 347
349 348
350 349
351 350
352 351
353 352
354 353
355 354
356 355
357 356
358 357
359 358
360 609
361 610
362 611
363 612
364 613
365 614
366 615
367 616
368 617
369 618
370 619
371 620
372 621
373 622
374 623
375 624
376 625
377 626
378 627
379 628
380 629
381 630
382 631
383 632
384 633
385 634
386 635
387 636
388 637
389 638
390 639
391 640
392 641
393 642
394 643
395 644
396 645
397 646
398 647
399 648
400 649
401 650
402 651
403 652
404 653
405 654
406 655
407 656
408 657
409 658
410 659
411 660
412 661
413 662
414 663
415 664
416 665
417 666
418 667
419 668
420 669
421 670
422 671
423 672
424 673
425 674
426 675
427 676
428 677
429 678
430 679
431 680
432 681
433 682
434 683
435 684
436 685
437 686
438 687
439 688
440 689
441 690
442 691
443 692
444 693
445 694
446 695
447 696
448 697
449 698
450 699
451 700
452 701
453 702
454 703
455 704
456 705
457 706
458 707
459 708
460 709
461 710
462 711
463 712
464 713
465 714
466 715
467 716
468 717
469 718
470 719
471 720
472 721
473 722
474 723
475 724
476 725
477 726
478 727
479 728
480 729
481 730
482 731
483 732
484 733
485 734
486 735
487 736
488 737
489 738
490 739
491 740
492 741
493 742
494 743
495 744
496 745
497 746
498 747
499 748
500 749
501 750
502 751
503 752
504 753
505 754
506 755
507 756
508 757
509 758
510 759
511 760
512 761
513 762
514 763
515 764
516 765
517 766
518 767
519 768
520 769
521 770
522 771
523 772
524 773
525 774
526 775
527 776
528 777
529 778
530 779
531 780
532 781
533 782
534 783
535 784
536 785
537 786
538 787
539 788
540 789
541 790
542 791
543 792
544 793
545 794
546 795
547 796
548 797
549 798
550 799
551 800
552 801
553 802
554 803
555 804
556 805
557 806
558 807
559 808
560 809
561 810
562 811
563 812
564 813
565 814
566 815
567 816
568 817
569 818
570 819
571 820
572 821
573 822
574 823
575 824
576 825
577 826
578 827
579 828
580 829
581 830
582 831
583 832
584 833
585 834
586 835
587 836
588 837
589 838
590 839
591 840
592 841
593 842
594 843
595 844
596 845
597 846
598 847
599 848
600 849
601 850
602 851
603 852
604 853
605 854
606 855
607 856
608 857
609 858
610 859
611 860
612 861
613 862
614 863
615 864
616 865
617 866
618 867
619 868
620 869
621 870
622 871
623 872
624 873
625 874
626 875
627 876
628 877
629 878
630 879
631 880
632 881
633 882
634 883
635 884
636 885
637 886
638 887
639 888
640 889
641 890
642 891
643 892
644 893
645 894
646 895
647 896
648 897
649 898
650 899
651 900
652 901
653 902
654 903
655 904
656 905
657 906
658 907
659 908
660 909
661 910
662 911
663 912
664 913
665 914
666 915
667 916
668 917
669 918
670 919
671 920
672 921
673 922
674 923
675 924
676 925
677 926
678 927
679 928
680 929
681 930
682 931
683 932
684 933
685 934
686 935
687 936
688 937
689 938
690 939
691 940
692 941
693 942
694 943
695 944
696 945
697 946
698 947
699 948
700 949
701 950
702 951
703 952
704 953
705 954
706 955
707 956
708 957
709 958
710 959
711 960
712 961
713 962
714 963
715 964
716 965
717 966
718 967
719 968
720 969
721 971
722 972
723 973
724 974
725 975
726 976
727 977
728 978
729 979
730 1165
731 1166
732 1167
733 1168
734 1169
735 1170
736 1171
737 1172
738 1173
739 1174
740 1175
741 1176
742 1177
743 1178
744 1179
745 1180
746 1181
747 1182
748 1183
749 1184
750 1185
751 1186
752 1187
753 1188
754 1189
755 1190
756 1191
757 1192
758 1193
759 1194
760 1195
761 1196
762 1197
763 1198
764 1199
765 1200
766 1201
767 1202
768 1203
769 1204
770 1205
771 1206
1207 1207
1208 1208
1 2
2 3
3 4
4 5
5 6
6 7
7 8
8 9
9 10
10 11
11 12
12 13
13 14
14 15
15 16
16 17
17 18
18 19
19 20
20 21
21 22
22 23
23 24
24 25
25 26
26 27
27 28
28 29
29 30
30 31
31 32
32 33
33 34
34 35
35 36
36 37
37 38
38 39
39 40
40 41
41 42
42 43
43 44
44 45
45 46
46 47
47 48
48 49
49 50
50 51
51 52
52 53
53 54
54 55
55 56
56 57
57 58
58 59
59 60
60 61
61 62
62 63
63 64
64 65
65 66
66 67
67 68
68 69
69 70
70 71
71 72
72 73
73 74
74 75
75 76
76 77
77 78
78 79
79 80
80 81
81 82
82 83
83 84
84 85
85 86
86 87
87 88
88 89
89 90
90 91
91 92
92 93
93 94
94 95
95 96
96 97
97 98
98 99
99 100
100 101
101 102
102 103
103 104
104 105
105 106
106 107
107 108
108 109
109 110
110 111
111 112
112 113
113 114
114 115
115 116
116 117
117 118
118 119
119 120
120 121
121 122
122 123
123 124
124 125
125 126
126 127
127 128
128 129
129 130
130 131
131 132
132 133
133 134
134 135
135 136
136 137
137 138
138 139
139 140
140 141
141 142
142 143
143 144
144 145
145 146
146 147
147 148
148 149
149 150
150 151
151 152
152 153
153 154
154 155
155 156
156 157
157 158
158 159
159 160
160 161
161 162
162 163
163 164
164 165
165 166
166 167
167 168
168 169
169 170
170 171
171 172
172 173
173 174
174 175
175 176
176 177
177 178
178 179
179 180
180 181
181 182
182 183
183 184
184 185
185 186
186 187
187 188
188 189
189 190
190 191
191 192
192 193
193 194
194 195
195 196
196 197
197 198
198 199
199 200
200 201
201 202
202 203
203 204
204 205
205 206
206 207
207 208
208 209
209 210
210 211
211 212
212 213
213 214
214 215
215 216
216 217
217 218
218 219
219 220
220 221
221 222
222 223
223 224
224 225
225 226
226 227
227 228
228 229
229 230
230 231
231 232
232 233
233 234
234 235
235 236
236 237
237 238
238 239
239 240
240 241
241 242
242 243
243 244
244 245
245 246
246 247
247 248
248 249
249 250
250 251
251 252
252 253
253 254
254 255
255 256
256 257
257 258
258 259
259 260
260 261
261 262
262 263
263 264
264 265
265 266
266 267
267 268
268 269
269 270
270 271
271 272
272 273
273 274
274 275
275 276
276 277
277 278
278 279
279 280
280 281
281 282
282 283
283 284
284 285
285 286
286 287
287 288
288 289
289 290
290 291
291 292
292 293
293 294
294 295
295 296
296 297
297 298
298 299
299 300
300 301
301 302
302 303
303 304
304 305
305 306
306 307
307 308
308 309
309 310
310 311
311 312
312 313
313 314
314 315
315 316
316 317
317 318
318 319
319 320
320 321
321 322
322 323
323 324
324 325
325 326
326 327
327 328
328 329
329 330
330 331
331 332
332 333
333 334
334 335
335 336
336 337
337 338
338 339
339 340
340 341
341 342
342 343
343 344
344 345
345 346
346 347
347 348
348 349
349 350
350 351
351 352
352 353
353 354
354 355
355 356
356 357
357 358
358 359
609 360
610 361
611 362
612 363
613 364
614 365
615 366
616 367
617 368
618 369
619 370
620 371
621 372
622 373
623 374
624 375
625 376
626 377
627 378
628 379
629 380
630 381
631 382
632 383
633 384
634 385
635 386
636 387
637 388
638 389
639 390
640 391
641 392
642 393
643 394
644 395
645 396
646 397
647 398
648 399
649 400
650 401
651 402
652 403
653 404
654 405
655 406
656 407
657 408
658 409
659 410
660 411
661 412
662 413
663 414
664 415
665 416
666 417
667 418
668 419
669 420
670 421
671 422
672 423
673 424
674 425
675 426
676 427
677 428
678 429
679 430
680 431
681 432
682 433
683 434
684 435
685 436
686 437
687 438
688 439
689 440
690 441
691 442
692 443
693 444
694 445
695 446
696 447
697 448
698 449
699 450
700 451
701 452
702 453
703 454
704 455
705 456
706 457
707 458
708 459
709 460
710 461
711 462
712 463
713 464
714 465
715 466
716 467
717 468
718 469
719 470
720 471
721 472
722 473
723 474
724 475
725 476
726 477
727 478
728 479
729 480
730 481
731 482
732 483
733 484
734 485
735 486
736 487
737 488
738 489
739 490
740 491
741 492
742 493
743 494
744 495
745 496
746 497
747 498
748 499
749 500
750 501
751 502
752 503
753 504
754 505
755 506
756 507
757 508
758 509
759 510
760 511
761 512
762 513
763 514
764 515
765 516
766 517
767 518
768 519
769 520
770 521
771 522
772 523
773 524
774 525
775 526
776 527
777 528
778 529
779 530
780 531
781 532
782 533
783 534
784 535
785 536
786 537
787 538
788 539
789 540
790 541
791 542
792 543
793 544
794 545
795 546
796 547
797 548
798 549
799 550
800 551
801 552
802 553
803 554
804 555
805 556
806 557
807 558
808 559
809 560
810 561
811 562
812 563
813 564
814 565
815 566
816 567
817 568
818 569
819 570
820 571
821 572
822 573
823 574
824 575
825 576
826 577
827 578
828 579
829 580
830 581
831 582
832 583
833 584
834 585
835 586
836 587
837 588
838 589
839 590
840 591
841 592
842 593
843 594
844 595
845 596
846 597
847 598
848 599
849 600
850 601
851 602
852 603
853 604
854 605
855 606
856 607
857 608
858 609
859 610
860 611
861 612
862 613
863 614
864 615
865 616
866 617
867 618
868 619
869 620
870 621
871 622
872 623
873 624
874 625
875 626
876 627
877 628
878 629
879 630
880 631
881 632
882 633
883 634
884 635
885 636
886 637
887 638
888 639
889 640
890 641
891 642
892 643
893 644
894 645
895 646
896 647
897 648
898 649
899 650
900 651
901 652
902 653
903 654
904 655
905 656
906 657
907 658
908 659
909 660
910 661
911 662
912 663
913 664
914 665
915 666
916 667
917 668
918 669
919 670
920 671
921 672
922 673
923 674
924 675
925 676
926 677
927 678
928 679
929 680
930 681
931 682
932 683
933 684
934 685
935 686
936 687
937 688
938 689
939 690
940 691
941 692
942 693
943 694
944 695
945 696
946 697
947 698
948 699
949 700
950 701
951 702
952 703
953 704
954 705
955 706
956 707
957 708
958 709
959 710
960 711
961 712
962 713
963 714
964 715
965 716
966 717
967 718
968 719
969 720
971 721
972 722
973 723
974 724
975 725
976 726
977 727
978 728
979 729
1165 730
1166 731
1167 732
1168 733
1169 734
1170 735
1171 736
1172 737
1173 738
1174 739
1175 740
1176 741
1177 742
1178 743
1179 744
1180 745
1181 746
1182 747
1183 748
1184 749
1185 750
1186 751
1187 752
1188 753
1189 754
1190 755
1191 756
1192 757
1193 758
1194 759
1195 760
1196 761
1197 762
1198 763
1199 764
1200 765
1201 766
1202 767
1203 768
1204 769
1205 770
1206 771
1207 1207
1208 1208
BRIDGE_2
439
772 359
773 360
774 361
775 362
776 363
777 364
778 365
779 366
780 367
781 368
782 369
783 370
784 371
785 372
786 373
787 374
788 375
789 376
790 377
791 378
792 379
793 380
794 381
795 382
796 383
797 384
798 385
799 386
800 387
801 388
802 389
803 390
804 391
805 392
806 393
807 394
808 395
809 396
810 397
811 398
812 399
813 400
814 401
815 402
816 403
817 404
818 405
819 406
820 407
821 408
822 409
823 410
824 411
825 412
826 413
827 414
828 415
829 416
830 417
831 418
832 419
833 420
834 421
835 422
836 423
837 424
838 425
839 426
840 427
841 428
842 429
843 430
844 431
845 432
846 433
847 434
848 435
849 436
850 437
851 438
852 439
853 440
854 441
855 442
856 443
857 444
858 445
859 446
860 447
861 448
862 449
863 450
864 451
865 452
866 453
867 454
868 455
869 456
870 457
871 458
872 459
873 460
874 461
875 462
876 463
877 464
878 465
879 466
880 467
881 468
882 469
883 470
884 471
885 472
886 473
887 474
888 475
889 476
890 477
891 478
892 479
893 480
894 481
895 482
896 483
897 484
898 485
899 486
900 487
901 488
902 489
903 490
904 491
905 492
906 493
907 494
908 495
909 496
910 497
911 498
912 499
913 500
914 501
915 502
916 503
917 504
918 505
919 506
920 507
921 508
922 509
923 510
924 511
925 512
926 513
927 514
928 515
929 516
930 517
931 518
932 519
933 520
934 521
935 522
936 523
937 524
938 525
939 526
940 527
941 528
942 529
943 530
944 531
945 532
946 533
947 534
948 535
949 536
950 537
951 538
952 539
953 540
954 541
955 542
956 543
957 544
958 545
959 546
960 547
961 548
962 549
963 550
964 551
965 552
966 553
967 554
968 555
969 556
970 557
971 558
972 559
973 560
974 561
975 562
976 563
977 564
978 565
979 566
980 567
981 568
982 569
983 570
984 571
985 572
986 573
987 574
988 575
989 576
990 577
991 578
992 579
993 580
994 581
995 582
996 583
997 584
998 585
999 586
1000 587
1001 588
1002 589
1003 590
1004 591
1005 592
1006 593
1007 594
1008 595
1009 596
1010 597
1011 598
1012 599
1013 600
1014 601
1015 602
1016 603
1017 604
1018 605
1019 606
1020 607
1021 608
1022 980
1023 981
1024 982
1025 983
1026 984
1027 985
1028 986
1029 987
1030 988
1031 989
1032 990
1033 991
1034 992
1035 993
1036 994
1037 995
1038 996
1039 997
1040 998
1041 999
1042 1000
1043 1001
1044 1002
1045 1003
1046 1004
1047 1005
1048 1006
1049 1007
1050 1008
1051 1009
1052 1010
1053 1011
1054 1012
1055 1013
1056 1014
1057 1015
1058 1016
1059 1017
1060 1018
1061 1019
1062 1020
1063 1021
1064 1022
1065 1023
1066 1024
1067 1025
1068 1026
1069 1027
1070 1028
1071 1029
1072 1030
1073 1031
1074 1032
1075 1033
1076 1034
1077 1035
1078 1036
1079 1037
1080 1038
1081 1039
1082 1040
1083 1041
1084 1042
1085 1043
1086 1044
1087 1045
1088 1046
1089 1047
1090 1048
1091 1049
1092 1050
1093 1051
1094 1052
1095 1053
1096 1054
1097 1055
1098 1056
1099 1057
1100 1058
1101 1059
1102 1060
1103 1061
1104 1062
1105 1063
1106 1064
1107 1065
1108 1066
1109 1067
1110 1068
1111 1069
1112 1070
1113 1071
1114 1072
1115 1073
1116 1074
1117 1075
1118 1076
1119 1077
1120 1078
1121 1079
1122 1080
1123 1081
1124 1082
1125 1083
1126 1084
1127 1085
1128 1086
1129 1087
1130 1088
1131 1089
1132 1090
1133 1091
1134 1092
1135 1093
1136 1094
1137 1095
1138 1096
1139 1097
1140 1098
1141 1099
1142 1100
1143 1101
1144 1102
1145 1103
1146 1104
1147 1105
1148 1106
1149 1107
1150 1108
1151 1109
1152 1110
1153 1111
1154 1112
1155 1113
1156 1114
1157 1115
1158 1116
1159 1117
1160 1118
1161 1119
1162 1120
1163 1121
1164 1122
1165 1123
1166 1124
1167 1125
1168 1126
1169 1127
1170 1128
1171 1129
1172 1130
1173 1131
1174 1132
1175 1133
1176 1134
1177 1135
1178 1136
1179 1137
1180 1138
1181 1139
1182 1140
1183 1141
1184 1142
1185 1143
1186 1144
1187 1145
1188 1146
1189 1147
1190 1148
1191 1149
1192 1150
1193 1151
1194 1152
1195 1153
1196 1154
1197 1155
1198 1156
1199 1157
1200 1158
1201 1159
1202 1160
1203 1161
1204 1162
1205 1163
1206 1164
1209 1165
1210 1166
1211 1167
1212 1168
359 772
360 773
361 774
362 775
363 776
364 777
365 778
366 779
367 780
368 781
369 782
370 783
371 784
372 785
373 786
374 787
375 788
376 789
377 790
378 791
379 792
380 793
381 794
382 795
383 796
384 797
385 798
386 799
387 800
388 801
389 802
390 803
391 804
392 805
393 806
394 807
395 808
396 809
397 810
398 811
399 812
400 813
401 814
402 815
403 816
404 817
405 818
406 819
407 820
408 821
409 822
410 823
411 824
412 825
413 826
414 827
415 828
416 829
417 830
418 831
419 832
420 833
421 834
422 835
423 836
424 837
425 838
426 839
427 840
428 841
429 842
430 843
431 844
432 845
433 846
434 847
435 848
436 849
437 850
438 851
439 852
440 853
441 854
442 855
443 856
444 857
445 858
446 859
447 860
448 861
449 862
450 863
451 864
452 865
453 866
454 867
455 868
456 869
457 870
458 871
459 872
460 873
461 874
462 875
463 876
464 877
465 878
466 879
467 880
468 881
469 882
470 883
471 884
472 885
473 886
474 887
475 888
476 889
477 890
478 891
479 892
480 893
481 894
482 895
483 896
484 897
485 898
486 899
487 900
488 901
489 902
490 903
491 904
492 905
493 906
494 907
495 908
496 909
497 910
498 911
499 912
500 913
501 914
502 915
503 916
504 917
505 918
506 919
507 920
508 921
509 922
510 923
511 924
512 925
513 926
514 927
515 928
516 929
517 930
518 931
519 932
520 933
521 934
522 935
523 936
524 937
525 938
526 939
527 940
528 941
529 942
530 943
531 944
532 945
533 946
534 947
535 948
536 949
537 950
538 951
539 952
540 953
541 954
542 955
543 956
544 957
545 958
546 959
547 960
548 961
549 962
550 963
551 964
552 965
553 966
554 967
555 968
556 969
557 970
558 971
559 972
560 973
561 974
562 975
563 976
564 977
565 978
566 979
567 980
568 981
569 982
570 983
571 984
572 985
573 986
574 987
575 988
576 989
577 990
578 991
579 992
580 993
581 994
582 995
583 996
584 997
585 998
586 999
587 1000
588 1001
589 1002
590 1003
591 1004
592 1005
593 1006
594 1007
595 1008
596 1009
597 1010
598 1011
599 1012
600 1013
601 1014
602 1015
603 1016
604 1017
605 1018
606 1019
607 1020
608 1021
980 1022
981 1023
982 1024
983 1025
984 1026
985 1027
986 1028
987 1029
988 1030
989 1031
990 1032
991 1033
992 1034
993 1035
994 1036
995 1037
996 1038
997 1039
998 1040
999 1041
1000 1042
1001 1043
1002 1044
1003 1045
1004 1046
1005 1047
1006 1048
1007 1049
1008 1050
1009 1051
1010 1052
1011 1053
1012 1054
1013 1055
1014 1056
1015 1057
1016 1058
1017 1059
1018 1060
1019 1061
1020 1062
1021 1063
1022 1064
1023 1065
1024 1066
1025 1067
1026 1068
1027 1069
1028 1070
1029 1071
1030 1072
1031 1073
1032 1074
1033 1075
1034 1076
1035 1077
1036 1078
1037 1079
1038 1080
1039 1081
1040 1082
1041 1083
1042 1084
1043 1085
1044 1086
1045 1087
1046 1088
1047 1089
1048 1090
1049 1091
1050 1092
1051 1093
1052 1094
1053 1095
1054 1096
1055 1097
1056 1098
1057 1099
1058 1100
1059 1101
1060 1102
1061 1103
1062 1104
1063 1105
1064 1106
1065 1107
1066 1108
1067 1109
1068 1110
1069 1111
1070 1112
1071 1113
1072 1114
1073 1115
1074 1116
1075 1117
1076 1118
1077 1119
1078 1120
1079 1121
1080 1122
1081 1123
1082 1124
1083 1125
1084 1126
1085 1127
1086 1128
1087 1129
1088 1130
1089 1131
1090 1132
1091 1133
1092 1134
1093 1135
1094 1136
1095 1137
1096 1138
1097 1139
1098 1140
1099 1141
1100 1142
1101 1143
1102 1144
1103 1145
1104 1146
1105 1147
1106 1148
1107 1149
1108 1150
1109 1151
1110 1152
1111 1153
1112 1154
1113 1155
1114 1156
1115 1157
1116 1158
1117 1159
1118 1160
1119 1161
1120 1162
1121 1163
1122 1164
1123 1165
1124 1166
1125 1167
1126 1168
1127 1169
1128 1170
1129 1171
1130 1172
1131 1173
1132 1174
1133 1175
1134 1176
1135 1177
1136 1178
1137 1179
1138 1180
1139 1181
1140 1182
1141 1183
1142 1184
1143 1185
1144 1186
1145 1187
1146 1188
1147 1189
1148 1190
1149 1191
1150 1192
1151 1193
1152 1194
1153 1195
1154 1196
1155 1197
1156 1198
1157 1199
1158 1200
1159 1201
1160 1202
1161 1203
1162 1204
1163 1205
1164 1206
1165 1209
1166 1210
1167 1211
1168 1212
1
1 1
1 1
3

0
2
0
3

1
1 
BRIDGE_1
770
2 3 4 5 6 7 8 9 10 11 12 13 14 15 16 17 18 19 20 21 22 23 24 25 26 27 28 29 30 31 32 33 34 35 36 37 38 39 40 41 42 43 44 45 46 47 48 49 50 51 52 53 54 55 56 57 58 59 60 61 62 63 64 65 66 67 68 69 70 71 72 73 74 75 76 77 78 79 80 81 82 83 84 85 86 87 88 89 90 91 92 93 94 95 96 97 98 99 100 101 102 103 104 105 106 107 108 109 110 111 112 113 114 115 116 117 118 119 120 121 122 123 124 125 126 127 128 129 130 131 132 133 134 135 136 137 138 139 140 141 142 143 144 145 146 147 148 149 150 151 152 153 154 155 156 157 158 159 160 161 162 163 164 165 166 167 168 169 170 171 172 173 174 175 176 177 178 179 180 181 182 183 184 185 186 187 188 189 190 191 192 193 194 195 196 197 198 199 200 201 202 203 204 205 206 207 208 209 210 211 212 213 214 215 216 217 218 219 220 221 222 223 224 225 226 227 228 229 230 231 232 233 234 235 236 237 238 239 240 241 242 243 244 245 246 247 248 249 250 251 252 253 254 255 256 257 258 259 260 261 262 263 264 265 266 267 268 269 270 271 272 273 274 275 276 277 278 279 280 281 282 283 284 285 286 287 288 289 290 291 292 293 294 295 296 297 298 299 300 301 302 303 304 305 306 307 308 309 310 311 312 313 314 315 316 317 318 319 320 321 322 323 324 325 326 327 328 329 330 331 332 333 334 335 336 337 338 339 340 341 342 343 344 345 346 347 348 349 350 351 352 353 354 355 356 357 358 359 360 361 362 363 364 365 366 367 368 369 370 371 372 373 374 375 376 377 378 379 380 381 382 383 384 385 386 387 388 389 390 391 392 393 394 395 396 397 398 399 400 401 402 403 404 405 406 407 408 409 410 411 412 413 414 415 416 417 418 419 420 421 422 423 424 425 426 427 428 429 430 431 432 433 434 435 436 437 438 439 440 441 442 443 444 445 446 447 448 449 450 451 452 453 454 455 456 457 458 459 460 461 462 463 464 465 466 467 468 469 470 471 472 473 474 475 476 477 478 479 480 481 482 483 484 485 486 487 488 489 490 491 492 493 494 495 496 497 498 499 500 501 502 503 504 505 506 507 508 509 510 511 512 513 514 515 516 517 518 519 520 521 522 523 524 525 526 527 528 529 530 531 532 533 534 535 536 537 538 539 540 541 542 543 544 545 546 547 548 549 550 551 552 553 554 555 556 557 558 559 560 561 562 563 564 565 566 567 568 569 570 571 572 573 574 575 576 577 578 579 580 581 582 583 584 585 586 587 588 589 590 591 592 593 594 595 596 597 598 599 600 601 602 603 604 605 606 607 608 609 610 611 612 613 614 615 616 617 618 619 620 621 622 623 624 625 626 627 628 629 630 631 632 633 634 635 636 637 638 639 640 641 642 643 644 645 646 647 648 649 650 651 652 653 654 655 656 657 658 659 660 661 662 663 664 665 666 667 668 669 670 671 672 673 674 675 676 677 678 679 680 681 682 683 684 685 686 687 688 689 690 691 692 693 694 695 696 697 698 699 700 701 702 703 704 705 706 707 708 709 710 711 712 713 714 715 716 717 718 719 720 721 722 723 724 725 726 727 728 729 730 731 732 733 734 735 736 737 738 739 740 741 742 743 744 745 746 747 748 749 750 751 752 753 754 755 756 757 758 759 760 761 762 763 764 765 766 767 768 769 770 771 
BRIDGE_2
435
772 773 774 775 776 777 778 779 780 781 782 783 784 785 786 787 788 789 790 791 792 793 794 795 796 797 798 799 800 801 802 803 804 805 806 807 808 809 810 811 812 813 814 815 816 817 818 819 820 821 822 823 824 825 826 827 828 829 830 831 832 833 834 835 836 837 838 839 840 841 842 843 844 845 846 847 848 849 850 851 852 853 854 855 856 857 858 859 860 861 862 863 864 865 866 867 868 869 870 871 872 873 874 875 876 877 878 879 880 881 882 883 884 885 886 887 888 889 890 891 892 893 894 895 896 897 898 899 900 901 902 903 904 905 906 907 908 909 910 911 912 913 914 915 916 917 918 919 920 921 922 923 924 925 926 927 928 929 930 931 932 933 934 935 936 937 938 939 940 941 942 943 944 945 946 947 948 949 950 951 952 953 954 955 956 957 958 959 960 961 962 963 964 965 966 967 968 969 970 971 972 973 974 975 976 977 978 979 980 981 982 983 984 985 986 987 988 989 990 991 992 993 994 995 996 997 998 999 1000 1001 1002 1003 1004 1005 1006 1007 1008 1009 1010 1011 1012 1013 1014 1015 1016 1017 1018 1019 1020 1021 1022 1023 1024 1025 1026 1027 1028 1029 1030 1031 1032 1033 1034 1035 1036 1037 1038 1039 1040 1041 1042 1043 1044 1045 1046 1047 1048 1049 1050 1051 1052 1053 1054 1055 1056 1057 1058 1059 1060 1061 1062 1063 1064 1065 1066 1067 1068 1069 1070 1071 1072 1073 1074 1075 1076 1077 1078 1079 1080 1081 1082 1083 1084 1085 1086 1087 1088 1089 1090 1091 1092 1093 1094 1095 1096 1097 1098 1099 1100 1101 1102 1103 1104 1105 1106 1107 1108 1109 1110 1111 1112 1113 1114 1115 1116 1117 1118 1119 1120 1121 1122 1123 1124 1125 1126 1127 1128 1129 1130 1131 1132 1133 1134 1135 1136 1137 1138 1139 1140 1141 1142 1143 1144 1145 1146 1147 1148 1149 1150 1151 1152 1153 1154 1155 1156 1157 1158 1159 1160 1161 1162 1163 1164 1165 1166 1167 1168 1169 1170 1171 1172 1173 1174 1175 1176 1177 1178 1179 1180 1181 1182 1183 1184 1185 1186 1187 1188 1189 1190 1191 1192 1193 1194 1195 1196 1197 1198 1199 1200 1201 1202 1203 1204 1205 1206 
0
 SHADOW
0
4
0
2
BRIDGE_1
2
1207 1208 
BRIDGE_2
4
1209 1210 1211 1212 
0
CONNECTION
0
1
1
1 
0
0
3
BRIDGE_1
20
 P       1
0
2
770
2 3 4 5 6 7 8 9 10 11 12 13 14 15 16 17 18 19 20 21 22 23 24 25 26 27 28 29 30 31 32 33 34 35 36 37 38 39 40 41 42 43 44 45 46 47 48 49 50 51 52 53 54 55 56 57 58 59 60 61 62 63 64 65 66 67 68 69 70 71 72 73 74 75 76 77 78 79 80 81 82 83 84 85 86 87 88 89 90 91 92 93 94 95 96 97 98 99 100 101 102 103 104 105 106 107 108 109 110 111 112 113 114 115 116 117 118 119 120 121 122 123 124 125 126 127 128 129 130 131 132 133 134 135 136 137 138 139 140 141 142 143 144 145 146 147 148 149 150 151 152 153 154 155 156 157 158 159 160 161 162 163 164 165 166 167 168 169 170 171 172 173 174 175 176 177 178 179 180 181 182 183 184 185 186 187 188 189 190 191 192 193 194 195 196 197 198 199 200 201 202 203 204 205 206 207 208 209 210 211 212 213 214 215 216 217 218 219 220 221 222 223 224 225 226 227 228 229 230 231 232 233 234 235 236 237 238 239 240 241 242 243 244 245 246 247 248 249 250 251 252 253 254 255 256 257 258 259 260 261 262 263 264 265 266 267 268 269 270 271 272 273 274 275 276 277 278 279 280 281 282 283 284 285 286 287 288 289 290 291 292 293 294 295 296 297 298 299 300 301 302 303 304 305 306 307 308 309 310 311 312 313 314 315 316 317 318 319 320 321 322 323 324 325 326 327 328 329 330 331 332 333 334 335 336 337 338 339 340 341 342 343 344 345 346 347 348 349 350 351 352 353 354 355 356 357 358 359 360 361 362 363 364 365 366 367 368 369 370 371 372 373 374 375 376 377 378 379 380 381 382 383 384 385 386 387 388 389 390 391 392 393 394 395 396 397 398 399 400 401 402 403 404 405 406 407 408 409 410 411 412 413 414 415 416 417 418 419 420 421 422 423 424 425 426 427 428 429 430 431 432 433 434 435 436 437 438 439 440 441 442 443 444 445 446 447 448 449 450 451 452 453 454 455 456 457 458 459 460 461 462 463 464 465 466 467 468 469 470 471 472 473 474 475 476 477 478 479 480 481 482 483 484 485 486 487 488 489 490 491 492 493 494 495 496 497 498 499 500 501 502 503 504 505 506 507 508 509 510 511 512 513 514 515 516 517 518 519 520 521 522 523 524 525 526 527 528 529 530 531 532 533 534 535 536 537 538 539 540 541 542 543 544 545 546 547 548 549 550 551 552 553 554 555 556 557 558 559 560 561 562 563 564 565 566 567 568 569 570 571 572 573 574 575 576 577 578 579 580 581 582 583 584 585 586 587 588 589 590 591 592 593 594 595 596 597 598 599 600 601 602 603 604 605 606 607 608 609 610 611 612 613 614 615 616 617 618 619 620 621 622 623 624 625 626 627 628 629 630 631 632 633 634 635 636 637 638 639 640 641 642 643 644 645 646 647 648 649 650 651 652 653 654 655 656 657 658 659 660 661 662 663 664 665 666 667 668 669 670 671 672 673 674 675 676 677 678 679 680 681 682 683 684 685 686 687 688 689 690 691 692 693 694 695 696 697 698 699 700 701 702 703 704 705 706 707 708 709 710 711 712 713 714 715 716 717 718 719 720 721 722 723 724 725 726 727 728 729 730 731 732 733 734 735 736 737 738 739 740 741 742 743 744 745 746 747 748 749 750 751 752 753 754 755 756 757 758 759 760 761 762 763 764 765 766 767 768 769 770 771 
0
0
BRIDGE_DECK_ELEMENTS
0
1
358
2 3 4 5 6 7 8 9 10 11 12 13 14 15 16 17 18 19 20 21 22 23 24 25 26 27 28 29 30 31 32 33 34 35 36 37 38 39 40 41 42 43 44 45 46 47 48 49 50 51 52 53 54 55 56 57 58 59 60 61 62 63 64 65 66 67 68 69 70 71 72 73 74 75 76 77 78 79 80 81 82 83 84 85 86 87 88 89 90 91 92 93 94 95 96 97 98 99 100 101 102 103 104 105 106 107 108 109 110 111 112 113 114 115 116 117 118 119 120 121 122 123 124 125 126 127 128 129 130 131 132 133 134 135 136 137 138 139 140 141 142 143 144 145 146 147 148 149 150 151 152 153 154 155 156 157 158 159 160 161 162 163 164 165 166 167 168 169 170 171 172 173 174 175 176 177 178 179 180 181 182 183 184 185 186 187 188 189 190 191 192 193 194 195 196 197 198 199 200 201 202 203 204 205 206 207 208 209 210 211 212 213 214 215 216 217 218 219 220 221 222 223 224 225 226 227 228 229 230 231 232 233 234 235 236 237 238 239 240 241 242 243 244 245 246 247 248 249 250 251 252 253 254 255 256 257 258 259 260 261 262 263 264 265 266 267 268 269 270 271 272 273 274 275 276 277 278 279 280 281 282 283 284 285 286 287 288 289 290 291 292 293 294 295 296 297 298 299 300 301 302 303 304 305 306 307 308 309 310 311 312 313 314 315 316 317 318 319 320 321 322 323 324 325 326 327 328 329 330 331 332 333 334 335 336 337 338 339 340 341 342 343 344 345 346 347 348 349 350 351 352 353 354 355 356 357 358 359 
0
0
CABLE_BRIDGE_DECK_ELEMENTS
0
1
358
2 3 4 5 6 7 8 9 10 11 12 13 14 15 16 17 18 19 20 21 22 23 24 25 26 27 28 29 30 31 32 33 34 35 36 37 38 39 40 41 42 43 44 45 46 47 48 49 50 51 52 53 54 55 56 57 58 59 60 61 62 63 64 65 66 67 68 69 70 71 72 73 74 75 76 77 78 79 80 81 82 83 84 85 86 87 88 89 90 91 92 93 94 95 96 97 98 99 100 101 102 103 104 105 106 107 108 109 110 111 112 113 114 115 116 117 118 119 120 121 122 123 124 125 126 127 128 129 130 131 132 133 134 135 136 137 138 139 140 141 142 143 144 145 146 147 148 149 150 151 152 153 154 155 156 157 158 159 160 161 162 163 164 165 166 167 168 169 170 171 172 173 174 175 176 177 178 179 180 181 182 183 184 185 186 187 188 189 190 191 192 193 194 195 196 197 198 199 200 201 202 203 204 205 206 207 208 209 210 211 212 213 214 215 216 217 218 219 220 221 222 223 224 225 226 227 228 229 230 231 232 233 234 235 236 237 238 239 240 241 242 243 244 245 246 247 248 249 250 251 252 253 254 255 256 257 258 259 260 261 262 263 264 265 266 267 268 269 270 271 272 273 274 275 276 277 278 279 280 281 282 283 284 285 286 287 288 289 290 291 292 293 294 295 296 297 298 299 300 301 302 303 304 305 306 307 308 309 310 311 312 313 314 315 316 317 318 319 320 321 322 323 324 325 326 327 328 329 330 331 332 333 334 335 336 337 338 339 340 341 342 343 344 345 346 347 348 349 350 351 352 353 354 355 356 357 358 359 
0
0
EAST_NORTH_CABLE_ELEMENTS
0
1
8
751 752 753 754 755 756 757 758 
0
0
EAST_SOUTH_CABLE_ELEMENTS
0
1
13
759 760 761 762 763 764 765 766 767 768 769 770 771 
0
0
MAIN_TOWER_EAST_BOTTOM_ELEMENTS
0
1
50
524 525 526 527 528 529 530 531 532 533 534 535 536 537 538 539 540 541 542 543 544 545 546 547 548 549 550 551 552 553 554 555 556 557 558 559 560 561 562 563 564 565 566 567 568 569 570 571 572 573 
0
0
MAIN_TOWER_EAST_ELEMENTS
0
1
164
524 525 526 527 528 529 530 531 532 533 534 535 536 537 538 539 540 541 542 543 544 545 546 547 548 549 550 551 552 553 554 555 556 557 558 559 560 561 562 563 564 565 566 567 568 569 570 571 572 573 574 575 576 577 578 579 580 581 582 583 584 585 586 587 588 589 590 591 592 593 594 595 596 597 598 599 600 601 602 603 604 605 606 607 608 609 610 611 612 613 614 615 616 617 618 619 620 621 622 623 624 625 626 627 628 629 630 631 632 633 634 635 636 637 638 639 640 641 642 643 644 645 646 647 648 649 650 651 652 653 654 655 656 657 658 659 660 661 662 663 664 665 666 667 668 669 670 671 672 673 674 675 676 677 678 679 680 681 682 683 684 685 686 687 
0
0
MAIN_TOWER_EAST_MID_ELEMENTS
0
1
43
574 575 576 577 578 579 580 581 582 583 584 585 586 587 588 589 590 591 592 593 594 595 596 597 598 599 600 601 602 603 604 605 606 607 608 609 610 611 612 613 614 615 616 
0
0
MAIN_TOWER_EAST_TOP_ELEMENTS
0
1
34
654 655 656 657 658 659 660 661 662 663 664 665 666 667 668 669 670 671 672 673 674 675 676 677 678 679 680 681 682 683 684 685 686 687 
0
0
MAIN_TOWER_EAST_UPPER_ELEMENTS
0
1
37
617 618 619 620 621 622 623 624 625 626 627 628 629 630 631 632 633 634 635 636 637 638 639 640 641 642 643 644 645 646 647 648 649 650 651 652 653 
0
0
MAIN_TOWER_LOWER_COUPLING_ELEMENTS
0
1
16
688 689 690 691 692 693 694 695 696 697 698 699 700 701 702 703 
0
0
MAIN_TOWER_MID_COUPLING_ELEMENTS
0
1
14
704 705 706 707 708 709 710 711 712 713 714 715 716 717 
0
0
MAIN_TOWER_UPPER_COUPLING_ELEMENTS
0
1
12
718 719 720 721 722 723 724 725 726 727 728 729 
0
0
MAIN_TOWER_WEST_BOTTOM_ELEMENTS
0
1
50
360 361 362 363 364 365 366 367 368 369 370 371 372 373 374 375 376 377 378 379 380 381 382 383 384 385 386 387 388 389 390 391 392 393 394 395 396 397 398 399 400 401 402 403 404 405 406 407 408 409 
0
0
MAIN_TOWER_WEST_ELEMENTS
0
1
164
360 361 362 363 364 365 366 367 368 369 370 371 372 373 374 375 376 377 378 379 380 381 382 383 384 385 386 387 388 389 390 391 392 393 394 395 396 397 398 399 400 401 402 403 404 405 406 407 408 409 410 411 412 413 414 415 416 417 418 419 420 421 422 423 424 425 426 427 428 429 430 431 432 433 434 435 436 437 438 439 440 441 442 443 444 445 446 447 448 449 450 451 452 453 454 455 456 457 458 459 460 461 462 463 464 465 466 467 468 469 470 471 472 473 474 475 476 477 478 479 480 481 482 483 484 485 486 487 488 489 490 491 492 493 494 495 496 497 498 499 500 501 502 503 504 505 506 507 508 509 510 511 512 513 514 515 516 517 518 519 520 521 522 523 
0
0
MAIN_TOWER_WEST_MID_ELEMENTS
0
1
43
410 411 412 413 414 415 416 417 418 419 420 421 422 423 424 425 426 427 428 429 430 431 432 433 434 435 436 437 438 439 440 441 442 443 444 445 446 447 448 449 450 451 452 
0
0
MAIN_TOWER_WEST_TOP_ELEMENTS
0
1
34
490 491 492 493 494 495 496 497 498 499 500 501 502 503 504 505 506 507 508 509 510 511 512 513 514 515 516 517 518 519 520 521 522 523 
0
0
MAIN_TOWER_WEST_UPPER_ELEMENTS
0
1
37
453 454 455 456 457 458 459 460 461 462 463 464 465 466 467 468 469 470 471 472 473 474 475 476 477 478 479 480 481 482 483 484 485 486 487 488 489 
0
0
WEST_NORTH_CABLE_ELEMENTS
0
1
8
730 731 732 733 734 735 736 737 
0
0
WEST_SOUTH_CABLE_ELEMENTS
0
1
13
738 739 740 741 742 743 744 745 746 747 748 749 750 
0
0
0
BRIDGE_2
8
 P       2
0
2
435
772 773 774 775 776 777 778 779 780 781 782 783 784 785 786 787 788 789 790 791 792 793 794 795 796 797 798 799 800 801 802 803 804 805 806 807 808 809 810 811 812 813 814 815 816 817 818 819 820 821 822 823 824 825 826 827 828 829 830 831 832 833 834 835 836 837 838 839 840 841 842 843 844 845 846 847 848 849 850 851 852 853 854 855 856 857 858 859 860 861 862 863 864 865 866 867 868 869 870 871 872 873 874 875 876 877 878 879 880 881 882 883 884 885 886 887 888 889 890 891 892 893 894 895 896 897 898 899 900 901 902 903 904 905 906 907 908 909 910 911 912 913 914 915 916 917 918 919 920 921 922 923 924 925 926 927 928 929 930 931 932 933 934 935 936 937 938 939 940 941 942 943 944 945 946 947 948 949 950 951 952 953 954 955 956 957 958 959 960 961 962 963 964 965 966 967 968 969 970 971 972 973 974 975 976 977 978 979 980 981 982 983 984 985 986 987 988 989 990 991 992 993 994 995 996 997 998 999 1000 1001 1002 1003 1004 1005 1006 1007 1008 1009 1010 1011 1012 1013 1014 1015 1016 1017 1018 1019 1020 1021 1022 1023 1024 1025 1026 1027 1028 1029 1030 1031 1032 1033 1034 1035 1036 1037 1038 1039 1040 1041 1042 1043 1044 1045 1046 1047 1048 1049 1050 1051 1052 1053 1054 1055 1056 1057 1058 1059 1060 1061 1062 1063 1064 1065 1066 1067 1068 1069 1070 1071 1072 1073 1074 1075 1076 1077 1078 1079 1080 1081 1082 1083 1084 1085 1086 1087 1088 1089 1090 1091 1092 1093 1094 1095 1096 1097 1098 1099 1100 1101 1102 1103 1104 1105 1106 1107 1108 1109 1110 1111 1112 1113 1114 1115 1116 1117 1118 1119 1120 1121 1122 1123 1124 1125 1126 1127 1128 1129 1130 1131 1132 1133 1134 1135 1136 1137 1138 1139 1140 1141 1142 1143 1144 1145 1146 1147 1148 1149 1150 1151 1152 1153 1154 1155 1156 1157 1158 1159 1160 1161 1162 1163 1164 1165 1166 1167 1168 1169 1170 1171 1172 1173 1174 1175 1176 1177 1178 1179 1180 1181 1182 1183 1184 1185 1186 1187 1188 1189 1190 1191 1192 1193 1194 1195 1196 1197 1198 1199 1200 1201 1202 1203 1204 1205 1206 
0
0
BRIDGE_DECK_ELEMENTS
0
1
250
772 773 774 775 776 777 778 779 780 781 782 783 784 785 786 787 788 789 790 791 792 793 794 795 796 797 798 799 800 801 802 803 804 805 806 807 808 809 810 811 812 813 814 815 816 817 818 819 820 821 822 823 824 825 826 827 828 829 830 831 832 833 834 835 836 837 838 839 840 841 842 843 844 845 846 847 848 849 850 851 852 853 854 855 856 857 858 859 860 861 862 863 864 865 866 867 868 869 870 871 872 873 874 875 876 877 878 879 880 881 882 883 884 885 886 887 888 889 890 891 892 893 894 895 896 897 898 899 900 901 902 903 904 905 906 907 908 909 910 911 912 913 914 915 916 917 918 919 920 921 922 923 924 925 926 927 928 929 930 931 932 933 934 935 936 937 938 939 940 941 942 943 944 945 946 947 948 949 950 951 952 953 954 955 956 957 958 959 960 961 962 963 964 965 966 967 968 969 970 971 972 973 974 975 976 977 978 979 980 981 982 983 984 985 986 987 988 989 990 991 992 993 994 995 996 997 998 999 1000 1001 1002 1003 1004 1005 1006 1007 1008 1009 1010 1011 1012 1013 1014 1015 1016 1017 1018 1019 1020 1021 
0
0
COLUMN_3_ELEMENTS
0
1
50
1022 1023 1024 1025 1026 1027 1028 1029 1030 1031 1032 1033 1034 1035 1036 1037 1038 1039 1040 1041 1042 1043 1044 1045 1046 1047 1048 1049 1050 1051 1052 1053 1054 1055 1056 1057 1058 1059 1060 1061 1062 1063 1064 1065 1066 1067 1068 1069 1070 1071 
0
0
COLUMN_4_ELEMENTS
0
1
50
1072 1073 1074 1075 1076 1077 1078 1079 1080 1081 1082 1083 1084 1085 1086 1087 1088 1089 1090 1091 1092 1093 1094 1095 1096 1097 1098 1099 1100 1101 1102 1103 1104 1105 1106 1107 1108 1109 1110 1111 1112 1113 1114 1115 1116 1117 1118 1119 1120 1121 
0
0
COLUMN_5_ELEMENTS
0
1
40
1122 1123 1124 1125 1126 1127 1128 1129 1130 1131 1132 1133 1134 1135 1136 1137 1138 1139 1140 1141 1142 1143 1144 1145 1146 1147 1148 1149 1150 1151 1152 1153 1154 1155 1156 1157 1158 1159 1160 1161 
0
0
COLUMN_6_ELEMENTS
0
1
27
1162 1163 1164 1165 1166 1167 1168 1169 1170 1171 1172 1173 1174 1175 1176 1177 1178 1179 1180 1181 1182 1183 1184 1185 1186 1187 1188 
0
0
COLUMN_7_ELEMENTS
0
1
18
1189 1190 1191 1192 1193 1194 1195 1196 1197 1198 1199 1200 1201 1202 1203 1204 1205 1206 
0
0
VIADUCT_BRIDGE_DECK_ELEMENTS
0
1
250
772 773 774 775 776 777 778 779 780 781 782 783 784 785 786 787 788 789 790 791 792 793 794 795 796 797 798 799 800 801 802 803 804 805 806 807 808 809 810 811 812 813 814 815 816 817 818 819 820 821 822 823 824 825 826 827 828 829 830 831 832 833 834 835 836 837 838 839 840 841 842 843 844 845 846 847 848 849 850 851 852 853 854 855 856 857 858 859 860 861 862 863 864 865 866 867 868 869 870 871 872 873 874 875 876 877 878 879 880 881 882 883 884 885 886 887 888 889 890 891 892 893 894 895 896 897 898 899 900 901 902 903 904 905 906 907 908 909 910 911 912 913 914 915 916 917 918 919 920 921 922 923 924 925 926 927 928 929 930 931 932 933 934 935 936 937 938 939 940 941 942 943 944 945 946 947 948 949 950 951 952 953 954 955 956 957 958 959 960 961 962 963 964 965 966 967 968 969 970 971 972 973 974 975 976 977 978 979 980 981 982 983 984 985 986 987 988 989 990 991 992 993 994 995 996 997 998 999 1000 1001 1002 1003 1004 1005 1006 1007 1008 1009 1010 1011 1012 1013 1014 1015 1016 1017 1018 1019 1020 1021 
0
0
0

1
 P       0
0
2
1
1 
0
0
0
12

0
2
0
2
BRIDGE_1
771
1 2 3 4 5 6 7 8 9 10 11 12 13 14 15 16 17 18 19 20 21 22 23 24 25 26 27 28 29 30 31 32 33 34 35 36 37 38 39 40 41 42 43 44 45 46 47 48 49 50 51 52 53 54 55 56 57 58 59 60 61 62 63 64 65 66 67 68 69 70 71 72 73 74 75 76 77 78 79 80 81 82 83 84 85 86 87 88 89 90 91 92 93 94 95 96 97 98 99 100 101 102 103 104 105 106 107 108 109 110 111 112 113 114 115 116 117 118 119 120 121 122 123 124 125 126 127 128 129 130 131 132 133 134 135 136 137 138 139 140 141 142 143 144 145 146 147 148 149 150 151 152 153 154 155 156 157 158 159 160 161 162 163 164 165 166 167 168 169 170 171 172 173 174 175 176 177 178 179 180 181 182 183 184 185 186 187 188 189 190 191 192 193 194 195 196 197 198 199 200 201 202 203 204 205 206 207 208 209 210 211 212 213 214 215 216 217 218 219 220 221 222 223 224 225 226 227 228 229 230 231 232 233 234 235 236 237 238 239 240 241 242 243 244 245 246 247 248 249 250 251 252 253 254 255 256 257 258 259 260 261 262 263 264 265 266 267 268 269 270 271 272 273 274 275 276 277 278 279 280 281 282 283 284 285 286 287 288 289 290 291 292 293 294 295 296 297 298 299 300 301 302 303 304 305 306 307 308 309 310 311 312 313 314 315 316 317 318 319 320 321 322 323 324 325 326 327 328 329 330 331 332 333 334 335 336 337 338 339 340 341 342 343 344 345 346 347 348 349 350 351 352 353 354 355 356 357 358 359 360 361 362 363 364 365 366 367 368 369 370 371 372 373 374 375 376 377 378 379 380 381 382 383 384 385 386 387 388 389 390 391 392 393 394 395 396 397 398 399 400 401 402 403 404 405 406 407 408 409 410 411 412 413 414 415 416 417 418 419 420 421 422 423 424 425 426 427 428 429 430 431 432 433 434 435 436 437 438 439 440 441 442 443 444 445 446 447 448 449 450 451 452 453 454 455 456 457 458 459 460 461 462 463 464 465 466 467 468 469 470 471 472 473 474 475 476 477 478 479 480 481 482 483 484 485 486 487 488 489 490 491 492 493 494 495 496 497 498 499 500 501 502 503 504 505 506 507 508 509 510 511 512 513 514 515 516 517 518 519 520 521 522 523 524 525 526 527 528 529 530 531 532 533 534 535 536 537 538 539 540 541 542 543 544 545 546 547 548 549 550 551 552 553 554 555 556 557 558 559 560 561 562 563 564 565 566 567 568 569 570 571 572 573 574 575 576 577 578 579 580 581 582 583 584 585 586 587 588 589 590 591 592 593 594 595 596 597 598 599 600 601 602 603 604 605 606 607 608 609 610 611 612 613 614 615 616 617 618 619 620 621 622 623 624 625 626 627 628 629 630 631 632 633 634 635 636 637 638 639 640 641 642 643 644 645 646 647 648 649 650 651 652 653 654 655 656 657 658 659 660 661 662 663 664 665 666 667 668 669 670 671 672 673 674 675 676 677 678 679 680 681 682 683 684 685 686 687 688 689 690 691 692 693 694 695 696 697 698 699 700 701 702 703 704 705 706 707 708 709 710 711 712 713 714 715 716 717 718 719 720 721 722 723 724 725 726 727 728 729 730 731 732 733 734 735 736 737 738 739 740 741 742 743 744 745 746 747 748 749 750 751 752 753 754 755 756 757 758 759 760 761 762 763 764 765 766 767 768 769 770 771 
BRIDGE_2
440
772 773 774 775 776 777 778 779 780 781 782 783 784 785 786 787 788 789 790 791 792 793 794 795 796 797 798 799 800 801 802 803 804 805 806 807 808 809 810 811 812 813 814 815 816 817 818 819 820 821 822 823 824 825 826 827 828 829 830 831 832 833 834 835 836 837 838 839 840 841 842 843 844 845 846 847 848 849 850 851 852 853 854 855 856 857 858 859 860 861 862 863 864 865 866 867 868 869 870 871 872 873 874 875 876 877 878 879 880 881 882 883 884 885 886 887 888 889 890 891 892 893 894 895 896 897 898 899 900 901 902 903 904 905 906 907 908 909 910 911 912 913 914 915 916 917 918 919 920 921 922 923 924 925 926 927 928 929 930 931 932 933 934 935 936 937 938 939 940 941 942 943 944 945 946 947 948 949 950 951 952 953 954 955 956 957 958 959 960 961 962 963 964 965 966 967 968 969 970 971 972 973 974 975 976 977 978 979 980 981 982 983 984 985 986 987 988 989 990 991 992 993 994 995 996 997 998 999 1000 1001 1002 1003 1004 1005 1006 1007 1008 1009 1010 1011 1012 1013 1014 1015 1016 1017 1018 1019 1020 1021 1022 1023 1024 1025 1026 1027 1028 1029 1030 1031 1032 1033 1034 1035 1036 1037 1038 1039 1040 1041 1042 1043 1044 1045 1046 1047 1048 1049 1050 1051 1052 1053 1054 1055 1056 1057 1058 1059 1060 1061 1062 1063 1064 1065 1066 1067 1068 1069 1070 1071 1072 1073 1074 1075 1076 1077 1078 1079 1080 1081 1082 1083 1084 1085 1086 1087 1088 1089 1090 1091 1092 1093 1094 1095 1096 1097 1098 1099 1100 1101 1102 1103 1104 1105 1106 1107 1108 1109 1110 1111 1112 1113 1114 1115 1116 1117 1118 1119 1120 1121 1122 1123 1124 1125 1126 1127 1128 1129 1130 1131 1132 1133 1134 1135 1136 1137 1138 1139 1140 1141 1142 1143 1144 1145 1146 1147 1148 1149 1150 1151 1152 1153 1154 1155 1156 1157 1158 1159 1160 1161 1162 1163 1164 1165 1166 1167 1168 1169 1170 1171 1172 1173 1174 1175 1176 1177 1178 1179 1180 1181 1182 1183 1184 1185 1186 1187 1188 1189 1190 1191 1192 1193 1194 1195 1196 1197 1198 1199 1200 1201 1202 1203 1204 1205 1206 1207 1208 1209 1210 1211 
0
ACCELEROMETERS_1
0
1
0
1
BRIDGE_1
16
490 655 743 746 748 750 752 754 758 761 763 765 767 769 770 771 
0
ACCELEROMETERS_2
0
1
0
1
BRIDGE_2
4
1208 1209 1210 1211 
0
SUPPORT_CABLE_ANCHOR
0
1
0
1
BRIDGE_1
12
728 729 730 731 732 733 734 735 736 737 738 739 
0
SUPPORT_COLUMN_3
0
1
0
1
BRIDGE_2
1
1023 
0
SUPPORT_COLUMN_4
0
1
0
1
BRIDGE_2
1
1073 
0
SUPPORT_COLUMN_5
0
1
0
1
BRIDGE_2
1
1123 
0
SUPPORT_COLUMN_6
0
1
0
1
BRIDGE_2
1
1163 
0
SUPPORT_COLUMN_7
0
1
0
1
BRIDGE_2
1
1190 
0
SUPPORT_MAIN_TOWER
0
1
0
1
BRIDGE_1
2
360 525 
0
SUPPORT_NODES_NORTH
0
1
0
1
BRIDGE_1
1
1 
0
SUPPORT_NODES_SOUTH
0
1
0
1
BRIDGE_2
1
1022 
0
2
BRIDGE_1
13
 P       1
0
2
771
1 2 3 4 5 6 7 8 9 10 11 12 13 14 15 16 17 18 19 20 21 22 23 24 25 26 27 28 29 30 31 32 33 34 35 36 37 38 39 40 41 42 43 44 45 46 47 48 49 50 51 52 53 54 55 56 57 58 59 60 61 62 63 64 65 66 67 68 69 70 71 72 73 74 75 76 77 78 79 80 81 82 83 84 85 86 87 88 89 90 91 92 93 94 95 96 97 98 99 100 101 102 103 104 105 106 107 108 109 110 111 112 113 114 115 116 117 118 119 120 121 122 123 124 125 126 127 128 129 130 131 132 133 134 135 136 137 138 139 140 141 142 143 144 145 146 147 148 149 150 151 152 153 154 155 156 157 158 159 160 161 162 163 164 165 166 167 168 169 170 171 172 173 174 175 176 177 178 179 180 181 182 183 184 185 186 187 188 189 190 191 192 193 194 195 196 197 198 199 200 201 202 203 204 205 206 207 208 209 210 211 212 213 214 215 216 217 218 219 220 221 222 223 224 225 226 227 228 229 230 231 232 233 234 235 236 237 238 239 240 241 242 243 244 245 246 247 248 249 250 251 252 253 254 255 256 257 258 259 260 261 262 263 264 265 266 267 268 269 270 271 272 273 274 275 276 277 278 279 280 281 282 283 284 285 286 287 288 289 290 291 292 293 294 295 296 297 298 299 300 301 302 303 304 305 306 307 308 309 310 311 312 313 314 315 316 317 318 319 320 321 322 323 324 325 326 327 328 329 330 331 332 333 334 335 336 337 338 339 340 341 342 343 344 345 346 347 348 349 350 351 352 353 354 355 356 357 358 359 360 361 362 363 364 365 366 367 368 369 370 371 372 373 374 375 376 377 378 379 380 381 382 383 384 385 386 387 388 389 390 391 392 393 394 395 396 397 398 399 400 401 402 403 404 405 406 407 408 409 410 411 412 413 414 415 416 417 418 419 420 421 422 423 424 425 426 427 428 429 430 431 432 433 434 435 436 437 438 439 440 441 442 443 444 445 446 447 448 449 450 451 452 453 454 455 456 457 458 459 460 461 462 463 464 465 466 467 468 469 470 471 472 473 474 475 476 477 478 479 480 481 482 483 484 485 486 487 488 489 490 491 492 493 494 495 496 497 498 499 500 501 502 503 504 505 506 507 508 509 510 511 512 513 514 515 516 517 518 519 520 521 522 523 524 525 526 527 528 529 530 531 532 533 534 535 536 537 538 539 540 541 542 543 544 545 546 547 548 549 550 551 552 553 554 555 556 557 558 559 560 561 562 563 564 565 566 567 568 569 570 571 572 573 574 575 576 577 578 579 580 581 582 583 584 585 586 587 588 589 590 591 592 593 594 595 596 597 598 599 600 601 602 603 604 605 606 607 608 609 610 611 612 613 614 615 616 617 618 619 620 621 622 623 624 625 626 627 628 629 630 631 632 633 634 635 636 637 638 639 640 641 642 643 644 645 646 647 648 649 650 651 652 653 654 655 656 657 658 659 660 661 662 663 664 665 666 667 668 669 670 671 672 673 674 675 676 677 678 679 680 681 682 683 684 685 686 687 688 689 690 691 692 693 694 695 696 697 698 699 700 701 702 703 704 705 706 707 708 709 710 711 712 713 714 715 716 717 718 719 720 721 722 723 724 725 726 727 728 729 730 731 732 733 734 735 736 737 738 739 740 741 742 743 744 745 746 747 748 749 750 751 752 753 754 755 756 757 758 759 760 761 762 763 764 765 766 767 768 769 770 771 
0
0
ACC_METER_NODES
0
1
2
770 771 
0
0
BRIDGE_DECK_NODES
0
1
359
1 2 3 4 5 6 7 8 9 10 11 12 13 14 15 16 17 18 19 20 21 22 23 24 25 26 27 28 29 30 31 32 33 34 35 36 37 38 39 40 41 42 43 44 45 46 47 48 49 50 51 52 53 54 55 56 57 58 59 60 61 62 63 64 65 66 67 68 69 70 71 72 73 74 75 76 77 78 79 80 81 82 83 84 85 86 87 88 89 90 91 92 93 94 95 96 97 98 99 100 101 102 103 104 105 106 107 108 109 110 111 112 113 114 115 116 117 118 119 120 121 122 123 124 125 126 127 128 129 130 131 132 133 134 135 136 137 138 139 140 141 142 143 144 145 146 147 148 149 150 151 152 153 154 155 156 157 158 159 160 161 162 163 164 165 166 167 168 169 170 171 172 173 174 175 176 177 178 179 180 181 182 183 184 185 186 187 188 189 190 191 192 193 194 195 196 197 198 199 200 201 202 203 204 205 206 207 208 209 210 211 212 213 214 215 216 217 218 219 220 221 222 223 224 225 226 227 228 229 230 231 232 233 234 235 236 237 238 239 240 241 242 243 244 245 246 247 248 249 250 251 252 253 254 255 256 257 258 259 260 261 262 263 264 265 266 267 268 269 270 271 272 273 274 275 276 277 278 279 280 281 282 283 284 285 286 287 288 289 290 291 292 293 294 295 296 297 298 299 300 301 302 303 304 305 306 307 308 309 310 311 312 313 314 315 316 317 318 319 320 321 322 323 324 325 326 327 328 329 330 331 332 333 334 335 336 337 338 339 340 341 342 343 344 345 346 347 348 349 350 351 352 353 354 355 356 357 358 359 
0
0
CABLE_ANCHOR_BRIDGE
0
1
16
17 30 41 95 115 135 155 175 195 215 235 255 275 295 315 335 
0
0
CABLE_ANCHOR_EAST
0
1
22
734 735 736 737 738 739 755 756 757 758 759 760 761 762 763 764 765 766 767 768 769 771 
0
0
CABLE_ANCHOR_EAST_BRIDGE
0
1
15
755 756 757 758 759 760 761 762 763 764 765 766 767 768 769 
0
0
CABLE_ANCHOR_WEST
0
1
22
728 729 730 731 732 733 740 741 742 743 744 745 746 747 748 749 750 751 752 753 754 770 
0
0
CABLE_ANCHOR_WEST_BRIDGE
0
1
15
740 741 742 743 744 745 746 747 748 749 750 751 752 753 754 
0
0
MAIN_TOWER_EAST
0
1
165
525 526 527 528 529 530 531 532 533 534 535 536 537 538 539 540 541 542 543 544 545 546 547 548 549 550 551 552 553 554 555 556 557 558 559 560 561 562 563 564 565 566 567 568 569 570 571 572 573 574 575 576 577 578 579 580 581 582 583 584 585 586 587 588 589 590 591 592 593 594 595 596 597 598 599 600 601 602 603 604 605 606 607 608 609 610 611 612 613 614 615 616 617 618 619 620 621 622 623 624 625 626 627 628 629 630 631 632 633 634 635 636 637 638 639 640 641 642 643 644 645 646 647 648 649 650 651 652 653 654 655 656 657 658 659 660 661 662 663 664 665 666 667 668 669 670 671 672 673 674 675 676 677 678 679 680 681 682 683 684 685 686 687 688 689 
0
0
MAIN_TOWER_LOWER_COUPLING
0
1
14
690 691 692 693 694 695 696 697 698 699 700 701 702 703 
0
0
MAIN_TOWER_MID_COUPLING
0
1
13
704 705 706 707 708 709 710 711 712 713 714 715 716 
0
0
MAIN_TOWER_UPPER_COUPLING
0
1
11
717 718 719 720 721 722 723 724 725 726 727 
0
0
MAIN_TOWER_WEST
0
1
165
360 361 362 363 364 365 366 367 368 369 370 371 372 373 374 375 376 377 378 379 380 381 382 383 384 385 386 387 388 389 390 391 392 393 394 395 396 397 398 399 400 401 402 403 404 405 406 407 408 409 410 411 412 413 414 415 416 417 418 419 420 421 422 423 424 425 426 427 428 429 430 431 432 433 434 435 436 437 438 439 440 441 442 443 444 445 446 447 448 449 450 451 452 453 454 455 456 457 458 459 460 461 462 463 464 465 466 467 468 469 470 471 472 473 474 475 476 477 478 479 480 481 482 483 484 485 486 487 488 489 490 491 492 493 494 495 496 497 498 499 500 501 502 503 504 505 506 507 508 509 510 511 512 513 514 515 516 517 518 519 520 521 522 523 524 
0
0
0
BRIDGE_2
11
 P       2
0
2
440
772 773 774 775 776 777 778 779 780 781 782 783 784 785 786 787 788 789 790 791 792 793 794 795 796 797 798 799 800 801 802 803 804 805 806 807 808 809 810 811 812 813 814 815 816 817 818 819 820 821 822 823 824 825 826 827 828 829 830 831 832 833 834 835 836 837 838 839 840 841 842 843 844 845 846 847 848 849 850 851 852 853 854 855 856 857 858 859 860 861 862 863 864 865 866 867 868 869 870 871 872 873 874 875 876 877 878 879 880 881 882 883 884 885 886 887 888 889 890 891 892 893 894 895 896 897 898 899 900 901 902 903 904 905 906 907 908 909 910 911 912 913 914 915 916 917 918 919 920 921 922 923 924 925 926 927 928 929 930 931 932 933 934 935 936 937 938 939 940 941 942 943 944 945 946 947 948 949 950 951 952 953 954 955 956 957 958 959 960 961 962 963 964 965 966 967 968 969 970 971 972 973 974 975 976 977 978 979 980 981 982 983 984 985 986 987 988 989 990 991 992 993 994 995 996 997 998 999 1000 1001 1002 1003 1004 1005 1006 1007 1008 1009 1010 1011 1012 1013 1014 1015 1016 1017 1018 1019 1020 1021 1022 1023 1024 1025 1026 1027 1028 1029 1030 1031 1032 1033 1034 1035 1036 1037 1038 1039 1040 1041 1042 1043 1044 1045 1046 1047 1048 1049 1050 1051 1052 1053 1054 1055 1056 1057 1058 1059 1060 1061 1062 1063 1064 1065 1066 1067 1068 1069 1070 1071 1072 1073 1074 1075 1076 1077 1078 1079 1080 1081 1082 1083 1084 1085 1086 1087 1088 1089 1090 1091 1092 1093 1094 1095 1096 1097 1098 1099 1100 1101 1102 1103 1104 1105 1106 1107 1108 1109 1110 1111 1112 1113 1114 1115 1116 1117 1118 1119 1120 1121 1122 1123 1124 1125 1126 1127 1128 1129 1130 1131 1132 1133 1134 1135 1136 1137 1138 1139 1140 1141 1142 1143 1144 1145 1146 1147 1148 1149 1150 1151 1152 1153 1154 1155 1156 1157 1158 1159 1160 1161 1162 1163 1164 1165 1166 1167 1168 1169 1170 1171 1172 1173 1174 1175 1176 1177 1178 1179 1180 1181 1182 1183 1184 1185 1186 1187 1188 1189 1190 1191 1192 1193 1194 1195 1196 1197 1198 1199 1200 1201 1202 1203 1204 1205 1206 1207 1208 1209 1210 1211 
0
0
ACC_METER_BRIDGE
0
1
2
786 813 
0
0
ACC_METER_EAST
0
1
2
1210 1211 
0
0
ACC_METER_NODES
0
1
4
1208 1209 1210 1211 
0
0
ACC_METER_WEST
0
1
2
1208 1209 
0
0
BRIDGE_DECK_NODES
0
1
251
772 773 774 775 776 777 778 779 780 781 782 783 784 785 786 787 788 789 790 791 792 793 794 795 796 797 798 799 800 801 802 803 804 805 806 807 808 809 810 811 812 813 814 815 816 817 818 819 820 821 822 823 824 825 826 827 828 829 830 831 832 833 834 835 836 837 838 839 840 841 842 843 844 845 846 847 848 849 850 851 852 853 854 855 856 857 858 859 860 861 862 863 864 865 866 867 868 869 870 871 872 873 874 875 876 877 878 879 880 881 882 883 884 885 886 887 888 889 890 891 892 893 894 895 896 897 898 899 900 901 902 903 904 905 906 907 908 909 910 911 912 913 914 915 916 917 918 919 920 921 922 923 924 925 926 927 928 929 930 931 932 933 934 935 936 937 938 939 940 941 942 943 944 945 946 947 948 949 950 951 952 953 954 955 956 957 958 959 960 961 962 963 964 965 966 967 968 969 970 971 972 973 974 975 976 977 978 979 980 981 982 983 984 985 986 987 988 989 990 991 992 993 994 995 996 997 998 999 1000 1001 1002 1003 1004 1005 1006 1007 1008 1009 1010 1011 1012 1013 1014 1015 1016 1017 1018 1019 1020 1021 1022 
0
0
COLUMN_3
0
1
50
1023 1024 1025 1026 1027 1028 1029 1030 1031 1032 1033 1034 1035 1036 1037 1038 1039 1040 1041 1042 1043 1044 1045 1046 1047 1048 1049 1050 1051 1052 1053 1054 1055 1056 1057 1058 1059 1060 1061 1062 1063 1064 1065 1066 1067 1068 1069 1070 1071 1072 
0
0
COLUMN_4
0
1
50
1073 1074 1075 1076 1077 1078 1079 1080 1081 1082 1083 1084 1085 1086 1087 1088 1089 1090 1091 1092 1093 1094 1095 1096 1097 1098 1099 1100 1101 1102 1103 1104 1105 1106 1107 1108 1109 1110 1111 1112 1113 1114 1115 1116 1117 1118 1119 1120 1121 1122 
0
0
COLUMN_5
0
1
40
1123 1124 1125 1126 1127 1128 1129 1130 1131 1132 1133 1134 1135 1136 1137 1138 1139 1140 1141 1142 1143 1144 1145 1146 1147 1148 1149 1150 1151 1152 1153 1154 1155 1156 1157 1158 1159 1160 1161 1162 
0
0
COLUMN_6
0
1
27
1163 1164 1165 1166 1167 1168 1169 1170 1171 1172 1173 1174 1175 1176 1177 1178 1179 1180 1181 1182 1183 1184 1185 1186 1187 1188 1189 
0
0
COLUMN_7
0
1
18
1190 1191 1192 1193 1194 1195 1196 1197 1198 1199 1200 1201 1202 1203 1204 1205 1206 1207 
0
0
0
2
BRIDGE_1
3
CABLE_ANCHOR_BRIDGE
1
0
16
17
1
30
1
41
1
95
1
115
1
135
1
155
1
175
1
195
1
215
1
235
1
255
1
275
1
295
1
315
1
335
1
CABLE_ANCHOR_EAST_SRF
1
0
22
734
1
735
1
736
1
737
1
738
1
739
1
755
1
756
1
757
1
758
1
759
1
760
1
761
1
762
1
763
1
764
1
765
1
766
1
767
1
768
1
769
1
771
1
CABLE_ANCHOR_WEST_SRF
1
0
22
728
1
729
1
730
1
731
1
732
1
733
1
740
1
741
1
742
1
743
1
744
1
745
1
746
1
747
1
748
1
749
1
750
1
751
1
752
1
753
1
754
1
770
1
BRIDGE_2
3
ACC_METER_BRIDGE_SRF
1
0
2
786
1
813
1
ACC_METER_EAST_SRF
1
0
2
1210
1
1211
1
ACC_METER_WEST_SRF
1
0
2
1208
1
1209
1
0
